H0:  [[6.75807200e-01 4.50863549e-01 1.25753284e-01]
 [4.50863549e-01 4.43235627e+04 8.38960757e-02]
 [1.25753284e-01 8.38960757e-02 1.45065336e+06]]
W:  [[0.6758072  0.45086355 0.12575328]
 [0.45086355 0.3007928  0.08389608]
 [0.12575328 0.08389608 0.0234    ]]
v: [[1.]
 [0.]
 [0.]]
start= 0.1  end= 0.2  step= 0.01
--------- 0 --------- 0.1 ----------
p,q 66671630.40902437 -208875843162.73376
lbd0= 4928.73686465938  lbd1= 4496.39985128923  lbd2= -9425.136715948609
a= -432.33701337014986  b= -14353.87358060799  c= 13921.53656723784
r0= (0.0014808540488551007-0.002158131798889357j)  r1= (9.637285051503614e-08-1.553374212934874e-07j)


check roots of equation 

lb: 4928.73686465938 4496.39985128923 -9425.136715948609
lbd0 239462158922.3401
lbd1 181812931787.2279
lbd2 -1674530149685.9702
sum 1.8189894035458565e-12
pr -208875843162.73376
sumpr -66671630.40902436


[[-0.9169644 -0.13857688j]
 [ 0.21900818-0.3032856j ]
 [ 0.00495007+0.00122017j]]
1-norm  -6.661338147750939e-14
norm0 0.9273765514818855
norm1 0.37409455984562323
norm2 0.005098240442398349
angle0 [-2.99160197]
angle1 [-0.94537937]
angle2 [0.24167808]
--------- 1 --------- 0.11 ----------
p,q 66805403.845944956 -209532753477.9095
lbd0= 4929.135650616894  lbd1= 4505.591437528247  lbd2= -9434.727088145139
a= -423.5442130886466  b= -14363.86273876203  c= 13940.318525673387
r0= (0.004347767165505665+0.0012756668502266135j)  r1= (3.1127028546509746e-07+8.910993242376018e-08j)


check roots of equation 

lb: 4929.135650616894 4505.591437528247 -9434.727088145139
lbd0 239520288545.99353
lbd1 182930204141.99347
lbd2 -1679647013555.4436
sum 1.8189894035458565e-12
pr -209532753477.9096
sumpr -66805403.84594497


[[-0.17878392+0.90827129j]
 [ 0.36249541-0.10793588j]
 [-0.00052583-0.00512078j]]
1-norm  -4.907185768843192e-14
norm0 0.9256999624956994
norm1 0.3782235854105724
norm2 0.005147705773502059
angle0 [1.76515137]
angle1 [-0.28939858]
angle2 [-1.67312328]
--------- 2 --------- 0.12000000000000001 ----------
p,q 66926635.6563296 -210122989399.91272
lbd0= 4930.361627975497  lbd1= 4513.019979868053  lbd2= -9443.381607843548
a= -417.34164810744363  b= -14373.743235819044  c= 13956.401587711602
r0= (0.004510095215385212+0.0011280449304376004j)  r1= (3.1529931137124e-07+8.490089665680698e-08j)


check roots of equation 

lb: 4930.361627975497 4513.019979868053 -9443.381607843548
lbd0 239699053859.1029
lbd1 183836509004.9049
lbd2 -1684273499263.484
sum 1.8189894035458565e-12
pr -210122989399.91284
sumpr -66926635.65632962


[[-0.74864032+0.38492506j]
 [ 0.27313367-0.46556864j]
 [ 0.00242316+0.0028862j ]]
1-norm  -2.5268676040468563e-13
norm0 0.8418014211925156
norm1 0.5397741800030643
norm2 0.003768538282412037
angle0 [2.66667694]
angle1 [-1.04023833]
angle2 [0.87238985]
--------- 3 --------- 0.13 ----------
p,q 67036450.71478275 -210653511336.72296
lbd0= 4932.205038262306  lbd1= 4518.986299931044  lbd2= -9451.191338193348
a= -413.2187383312618  b= -14383.396376455654  c= 13970.177638124393
r0= (0.002180101395458444-0.002408103210083221j)  r1= (1.529490410300297e-07-1.7698580561281929e-07j)


check roots of equation 

lb: 4932.205038262306 4518.986299931044 -9451.191338193348
lbd0 239968017251.90253
lbd1 184566582078.76587
lbd2 -1688455667351.0059
sum 1.8189894035458565e-12
pr -210653511336.72305
sumpr -67036450.71478276


[[ 0.60384791-0.56893685j]
 [-0.53150897+0.17076565j]
 [-0.00372986+0.00139972j]]
1-norm  -3.290701044988964e-13
norm0 0.8296513945954456
norm1 0.5582675813394643
norm2 0.003983851387188453
angle0 [-0.75563928]
angle1 [2.83072486]
angle2 [2.78258077]
--------- 4 --------- 0.14 ----------
p,q 67135882.9040511 -211130519751.86246
lbd0= 4934.486755208855  lbd1= 4523.751776953498  lbd2= -9458.238532162353
a= -410.7349782553575  b= -14392.725287371208  c= 13981.99030911585
r0= (0.004106890040020107+0.0017695241071316846j)  r1= (2.86456832113433e-07+1.3096171007680258e-07j)


check roots of equation 

lb: 4934.486755208855 4523.751776953498 -9458.238532162353
lbd0 240301210474.8605
lbd1 185151099665.36124
lbd2 -1692235428651.3967
sum 0.0
pr -211130519751.86255
sumpr -67135882.90405111


[[ 0.34654384-0.84999038j]
 [ 0.29657227+0.26355454j]
 [-0.00192135-0.0019788j ]]
1-norm  -1.3855583347321954e-13
norm0 0.9179195423719442
norm1 0.39675698670700194
norm2 0.0027581209432493187
angle0 [-1.1836669]
angle1 [0.72651941]
angle2 [-2.34146504]
--------- 5 --------- 0.15000000000000002 ----------
p,q 67225880.46432057 -211559543601.49173
lbd0= 4937.058216776894  lbd1= 4527.539258018317  lbd2= -9464.59747479521
a= -409.5189587585765  b= -14401.655691572105  c= 13992.136732813527
r0= (0.0013602629756174205+0.0021892711321512873j)  r1= (9.636351513501437e-08+1.5368297902102266e-07j)


check roots of equation 

lb: 4937.058216776894 4527.539258018317 -9464.59747479521
lbd0 240677083849.88693
lbd1 185616538711.1326
lbd2 -1695650884169.9697
sum 1.8189894035458565e-12
pr -211559543601.49182
sumpr -67225880.46432057


[[ 0.24828664+0.94961294j]
 [-0.08441773+0.17161516j]
 [ 0.00292477-0.00152982j]]
1-norm  -1.6253665080512292e-13
norm0 0.9815350171951145
norm1 0.1912540598364452
norm2 0.0033006993484606547
angle0 [1.31506037]
angle1 [2.02794408]
angle2 [-0.48192265]
--------- 6 --------- 0.16 ----------
p,q 67307311.48103681 -211945517656.42462
lbd0= 4939.799519259817  lbd1= 4530.535727764944  lbd2= -9470.33524702476
a= -409.26379149487354  b= -14410.134766284576  c= 14000.870974789705
r0= (0.0008432223348326921+0.0018465251129791607j)  r1= (5.0615131081882787e-08+1.3018344081974282e-07j)


check roots of equation 

lb: 4939.799519259817 4530.535727764944 -9470.33524702476
lbd0 241078214480.54364
lbd1 185985323496.4325
lbd2 -1698736643915.5237
sum 1.8189894035458565e-12
pr -211945517656.4247
sumpr -67307311.48103683


[[ 0.37910956+0.90268612j]
 [ 0.19355621+0.06284488j]
 [-0.0038463 -0.00233048j]]
1-norm  -1.858513343222512e-13
norm0 0.979063986944933
norm1 0.2035030326468271
norm2 0.004497240421450627
angle0 [1.17318586]
angle1 [0.31394737]
angle2 [-2.59684442]
--------- 7 --------- 0.17 ----------
p,q 67380969.37443441 -212292850212.85004
lbd0= 4942.616376141958  lbd1= 4532.89604175802  lbd2= -9475.512417899978
a= -409.72033438393885  b= -14418.128794041937  c= 14008.408459657996
r0= (0.0018191177729071676+0.0023602145612367956j)  r1= (1.2387243670505954e-07+1.7332718393152967e-07j)


check roots of equation 

lb: 4942.616376141958 4532.89604175802 -9475.512417899978
lbd0 241490864915.09857
lbd1 186276158308.6842
lbd2 -1701524124500.883
sum 1.8189894035458565e-12
pr -212292850212.85013
sumpr -67380969.37443444


[[ 0.45103339-0.79705295j]
 [-0.40067899+0.02678416j]
 [-0.00354792+0.00135807j]]
1-norm  -2.1316282072803006e-13
norm0 0.915819043369201
norm1 0.4015732159212838
norm2 0.003798954775475531
angle0 [-1.05584577]
angle1 [3.07484503]
angle2 [2.77601894]
--------- 8 --------- 0.18 ----------
p,q 67447578.29029787 -212605482482.07272
lbd0= 4945.4365579813175  lbd1= 4534.74711361274  lbd2= -9480.183671594055
a= -410.68944436857697  b= -14425.620229575374  c= 14014.930785206798
r0= (0.004025057538384183+0.0018440112690772076j)  r1= (2.8640716488200516e-07+1.3425737415157783e-07j)


check roots of equation 

lb: 4945.4365579813175 4534.74711361274 -9480.183671594055
lbd0 241904473884.14682
lbd1 186504456980.04965
lbd2 -1704041825756.6323
sum 1.8189894035458565e-12
pr -212605482482.07272
sumpr -67447578.29029787


[[ 0.00343551+0.90141439j]
 [-0.29853442-0.31353287j]
 [ 0.00355599-0.00140972j]]
1-norm  -3.1463720517876936e-13
norm0 0.9014209387688524
norm1 0.4329268515056974
norm2 0.0038252313752365394
angle0 [1.5669851]
angle1 [-2.33169482]
angle2 [-0.37742905]
--------- 9 --------- 0.19 ----------
p,q 67507798.3199844 -212886940766.4089
lbd0= 4948.206268114856  lbd1= 4536.192106952472  lbd2= -9484.398375067327
a= -412.01416116238363  b= -14432.604643182183  c= 14020.5904820198
r0= (0.004595926192328336-0.0010895030693612807j)  r1= (3.277579096674453e-07-7.833815356788401e-08j)


check roots of equation 

lb: 4948.206268114856 4536.192106952472 -9484.398375067327
lbd0 242311140054.34305
lbd1 186682802260.88754
lbd2 -1706315586913.6836
sum 1.8189894035458565e-12
pr -212886940766.40894
sumpr -67507798.3199844


[[-0.92175406+0.1645669j ]
 [ 0.12280225+0.32892927j]
 [ 0.00224332+0.00270078j]]
1-norm  -3.526068326209497e-13
norm0 0.9363294382587406
norm1 0.3511051927052273
norm2 0.0035109409282676747
angle0 [2.96491748]
angle1 [1.21348233]
angle2 [0.87766058]
#########################  final  #########################
[[-0.92175406+0.1645669j ]
 [ 0.12280225+0.32892927j]
 [ 0.00224332+0.00270078j]]
1-norm  -3.526068326209497e-13
norm0 0.9363294382587406
norm1 0.3511051927052273
norm2 0.0035109409282676747
angle0 [2.96491748]
angle1 [1.21348233]
angle2 [0.87766058]
t: 0.0054929256439208984
