#########################  final  #########################
--------- 0 --------- 0.1 ----------
p,q 31383650.645244185 44524284418.79002
lbd0= 6209.213395048699  lbd1= -1533.6508081674747  lbd2= -4675.562586881225
a= -7742.864203216173  b= -10884.775981929923  c= 3141.9117787137498
r0= (0.00018052641355061785+0.0001184930817175793j)  r1= (8.755730387598127e-09+1.5889918937013094e-08j)


check roots of equation 

lb: 6209.213395048699 -1533.6508081674747 -4675.562586881225
lbd0 478784136781.53796
lbd1 -7214553513.068832
lbd2 -204423876755.72906
sum -9.094947017729282e-13
pr 44524284418.79002
sumpr -31383650.645244196


--------- 1 --------- 0.11 ----------
p,q 38086822.87958474 76075058051.50314
lbd0= 6997.086118687896  lbd1= -2329.179016227513  lbd2= -4667.907102460382
a= -9326.265134915408  b= -11664.993221148277  c= 2338.7280862328694
r0= (0.0001536061063213098+9.667318352780324e-05j)  r1= (-6.401953944143017e-09+5.0748452374743196e-08j)


check roots of equation 

lb: 6997.086118687896 -2329.179016227513 -4667.907102460382
lbd0 685143675454.3401
lbd1 -25271941188.79918
lbd2 -203421385956.52206
sum 9.094947017729282e-13
pr 76075058051.5031
sumpr -38086822.87958474


--------- 2 --------- 0.12000000000000001 ----------
p,q 43554454.18777389 101728740904.46916
lbd0= 7551.537362127406  lbd1= -2889.6723042122353  lbd2= -4661.865057915171
a= -10441.20966633964  b= -12213.402420042576  c= 1772.1927537029353
r0= (8.369287296737021e-05-9.500927809617879e-05j)  r1= (2.157591934785869e-08-1.2232629928558305e-08j)


check roots of equation 

lb: 7551.537362127406 -2889.6723042122353 -4661.865057915171
lbd0 861263657981.0203
lbd1 -48258718174.04335
lbd2 -202632494380.1621
sum 0.0
pr 101728740904.46915
sumpr -43554454.1877739


--------- 3 --------- 0.13 ----------
p,q 48015350.92683981 122598728150.17653
lbd0= 7963.1136460997595  lbd1= -3305.5636860176537  lbd2= -4657.54996008211
a= -11268.677332117413  b= -12620.66360618187  c= 1351.9862740644567
r0= (0.00017543018159938415+1.8977544162036423e-05j)  r1= (3.4077639203458727e-08+5.9427213745154556e-08j)


check roots of equation 

lb: 7963.1136460997595 -3305.5636860176537 -4657.54996008211
lbd0 1009900848675.9269
lbd1 -72238144489.95851
lbd2 -202070335284.90967
sum -4.547473508864641e-12
pr 122598728150.17668
sumpr -48015350.92683985


--------- 4 --------- 0.14 ----------
p,q 51655841.75313628 139586089767.59457
lbd0= 8277.61566517503  lbd1= -3622.425292339505  lbd2= -4655.190372835529
a= -11900.040957514533  b= -12932.80603801056  c= 1032.7650804960235
r0= (4.0573672351066645e-06-2.5796237783919496e-05j)  r1= (-1.0282275401263273e-07-9.272010176055249e-08j)


check roots of equation 

lb: 8277.61566517503 -3622.425292339505 -4655.190372835529
lbd0 1134346589322.3154
lbd1 -95066675792.10666
lbd2 -201763374924.64206
sum -4.547473508864641e-12
pr 139586089767.59467
sumpr -51655841.75313631


--------- 5 --------- 0.15000000000000002 ----------
p,q 54627673.96969947 153420529723.24844
lbd0= 8522.316774376486  lbd1= -3867.1259423498223  lbd2= -4655.190832026666
a= -12389.442716726307  b= -13177.507606403153  c= 788.064889676844
r0= (3.701634067822495e-05-6.786203301897907e-05j)  r1= (-5.867120908987275e-08-1.819527351879456e-07j)


check roots of equation 

lb: 8522.316774376486 -3867.1259423498223 -4655.190832026666
lbd0 1237949743880.776
lbd1 -115663130910.409
lbd2 -201763434630.87656
sum -1.8189894035458565e-12
pr 153420529723.2485
sumpr -54627673.96969947


--------- 6 --------- 0.16 ----------
p,q 57054440.969801106 164693330699.22134
lbd0= 8715.046006182316  lbd1= -4056.8224836447216  lbd2= -4658.223522537599
a= -12771.868489827037  b= -13373.269528719915  c= 601.4010388928773
r0= (9.966715235180572e-05-7.532431616244259e-05j)  r1= (-6.829424131654379e-08-1.8380760094487815e-07j)


check roots of equation 

lb: 8715.046006182316 -4056.8224836447216 -4658.223522537599
lbd0 1323850817216.1023
lbd1 -133532816437.69669
lbd2 -202158016583.07816
sum -4.547473508864641e-12
pr 164693330699.2215
sumpr -57054440.96980113


--------- 7 --------- 0.17 ----------
p,q 59036814.12691676 173883880709.96277
lbd0= 8868.170727650038  lbd1= -4202.838556593025  lbd2= -4665.332171057016
a= -13071.009284243064  b= -13533.502898707055  c= 462.4936144639915
r0= (0.00010721465542045364+7.007119258473333e-05j)  r1= (2.1389299050261335e-07+2.2503624142035225e-07j)


check roots of equation 

lb: 8868.170727650038 -4202.838556593025 -4665.332171057016
lbd0 1394864855208.0044
lbd1 -148476635922.11755
lbd2 -203084935026.11066
sum -2.7284841053187847e-12
pr 173883880709.9628
sumpr -59036814.126916766


--------- 8 --------- 0.18 ----------
p,q 60656801.60344388 181381052950.741
lbd0= 8990.62149490596  lbd1= -4312.7033682344445  lbd2= -4677.918126671519
a= -13303.324863140404  b= -13668.53962157748  c= 365.21475843707407
r0= (9.382251642342252e-05+7.281798103911128e-05j)  r1= (-1.1626375150751353e-07+9.811188774931168e-08j)


check roots of equation 

lb: 8990.62149490596 -4312.7033682344445 -4677.918126671519
lbd0 1453446794517.8193
lbd1 -160427479261.5198
lbd2 -204732997551.85434
sum -3.637978807091713e-12
pr 181381052950.74103
sumpr -60656801.60344387


--------- 9 --------- 0.19 ----------
p,q 61981215.14331251 187500453127.01718
lbd0= 9089.033067601764  lbd1= -4391.79598723377  lbd2= -4697.237080367999
a= -13480.829054835534  b= -13786.270147969763  c= 305.4410931342285
r0= (0.0001459605166559133-1.8709857648796552e-05j)  r1= (3.7627947493335426e-07-2.560117413107765e-07j)


check roots of equation 

lb: 9089.033067601764 -4391.79598723377 -4697.237080367999
lbd0 1501699534269.4473
lbd1 -169416797646.51132
lbd2 -207280017860.83377
sum -4.547473508864641e-12
pr 187500453127.01733
sumpr -61981215.14331253


--------- 10 --------- 0.2 ----------
p,q 63064492.21414456 192498344715.9961
lbd0= 9168.437957972765  lbd1= -4445.289960247616  lbd2= -4723.147997725155
a= -13613.72791822038  b= -13891.58595569792  c= 277.8580374775381
r0= (9.959587778499333e-05-6.86465180354364e-05j)  r1= (3.2200809771047836e-07-1.1457739205816174e-07j)


check roots of equation 

lb: 9168.437957972765 -4445.289960247616 -4723.147997725155
lbd0 1541402457864.874
lbd1 -175683218743.30933
lbd2 -210729170825.58875
sum -6.366462912410498e-12
pr 192498344715.99637
sumpr -63064492.21414459


[[-0.22873317+0.06301843j]
 [ 2.82650882-0.62601294j]
 [ 0.10454688+0.68261663j]]
1-norm  -1.985670781152859
norm0 0.2372555276464371
norm1 2.8950033369799586
norm2 0.6905762136839348
angle0 [2.87275172]
angle1 [-0.21796079]
angle2 [1.4188212]
t: 0.002096891403198242
