H0:   0.675807    0.450864    0.125753
   0.450864     44323.6   0.0838961
   0.125753   0.0838961 1.45065e+06
W: 0.675807  0.450864  0.125753
 0.450864  0.300793 0.0838961
 0.125753 0.0838961    0.0234
v:(1,0)
(0,0)
(0,0)
start=0.1 end=0.2 step=0.01
--------------------0.1-------------------
p=6.66716e+07 q=-2.08876e+11
lb0=4928.74 lbd1=4496.4 lbd2=-9425.14
a=-432.337 b=-14353.9 c=13921.5
  (-0.916964,-0.138577)
   (0.219008,-0.303286)
(0.00495007,0.00122017)
1-norm -1.64313e-14
norm0 0.927377
norm1 0.374095
norm2 0.00509824
arg0 -2.9916
arg1 -0.945379
arg2 0.241678
--------------------0.11-------------------
p=6.68054e+07 q=-2.09533e+11
lb0=4929.14 lbd1=4505.59 lbd2=-9434.73
a=-423.544 b=-14363.9 c=13940.3
     (-0.178784,0.908271)
     (0.362495,-0.107936)
(-0.00052583,-0.00512078)
1-norm -1.57652e-14
norm0 0.9257
norm1 0.378224
norm2 0.00514771
arg0 1.76515
arg1 -0.289399
arg2 -1.67312
--------------------0.12-------------------
p=6.69266e+07 q=-2.10123e+11
lb0=4930.36 lbd1=4513.02 lbd2=-9443.38
a=-417.342 b=-14373.7 c=13956.4
   (-0.74864,0.384925)
  (0.273134,-0.465569)
(0.00242316,0.0028862)
1-norm -4.88498e-15
norm0 0.841801
norm1 0.539774
norm2 0.00376854
arg0 2.66668
arg1 -1.04024
arg2 0.87239
--------------------0.13-------------------
p=6.70365e+07 q=-2.10654e+11
lb0=4932.21 lbd1=4518.99 lbd2=-9451.19
a=-413.219 b=-14383.4 c=13970.2
    (0.603848,-0.568937)
    (-0.531509,0.170766)
(-0.00372986,0.00139972)
1-norm 2.07612e-14
norm0 0.829651
norm1 0.558268
norm2 0.00398385
arg0 -0.755639
arg1 2.83072
arg2 2.78258
--------------------0.14-------------------
p=6.71359e+07 q=-2.11131e+11
lb0=4934.49 lbd1=4523.75 lbd2=-9458.24
a=-410.735 b=-14392.7 c=13982
     (0.346544,-0.84999)
     (0.296572,0.263555)
(-0.00192135,-0.0019788)
1-norm -2.4869e-14
norm0 0.91792
norm1 0.396757
norm2 0.00275812
arg0 -1.18367
arg1 0.726519
arg2 -2.34147
--------------------0.15-------------------
p=6.72259e+07 q=-2.1156e+11
lb0=4937.06 lbd1=4527.54 lbd2=-9464.6
a=-409.519 b=-14401.7 c=13992.1
     (0.248287,0.949613)
   (-0.0844177,0.171615)
(0.00292477,-0.00152982)
1-norm -4.72955e-14
norm0 0.981535
norm1 0.191254
norm2 0.0033007
arg0 1.31506
arg1 2.02794
arg2 -0.481923
--------------------0.16-------------------
p=6.73073e+07 q=-2.11946e+11
lb0=4939.8 lbd1=4530.54 lbd2=-9470.34
a=-409.264 b=-14410.1 c=14000.9
      (0.37911,0.902686)
    (0.193556,0.0628449)
(-0.0038463,-0.00233048)
1-norm -4.32987e-14
norm0 0.979064
norm1 0.203503
norm2 0.00449724
arg0 1.17319
arg1 0.313947
arg2 -2.59684
--------------------0.17-------------------
p=6.7381e+07 q=-2.12293e+11
lb0=4942.62 lbd1=4532.9 lbd2=-9475.51
a=-409.72 b=-14418.1 c=14008.4
    (0.451033,-0.797053)
   (-0.400679,0.0267842)
(-0.00354792,0.00135807)
1-norm -4.70735e-14
norm0 0.915819
norm1 0.401573
norm2 0.00379895
arg0 -1.05585
arg1 3.07485
arg2 2.77602
--------------------0.18-------------------
p=6.74476e+07 q=-2.12605e+11
lb0=4945.44 lbd1=4534.75 lbd2=-9480.18
a=-410.689 b=-14425.6 c=14014.9
   (0.00343551,0.901414)
   (-0.298534,-0.313533)
(0.00355599,-0.00140972)
1-norm -2.55351e-14
norm0 0.901421
norm1 0.432927
norm2 0.00382523
arg0 1.56699
arg1 -2.33169
arg2 -0.377429
--------------------0.19-------------------
p=6.75078e+07 q=-2.12887e+11
lb0=4948.21 lbd1=4536.19 lbd2=-9484.4
a=-412.014 b=-14432.6 c=14020.6
   (-0.921754,0.164567)
    (0.122802,0.328929)
(0.00224332,0.00270078)
1-norm 2.03171e-14
norm0 0.936329
norm1 0.351105
norm2 0.00351094
arg0 2.96492
arg1 1.21348
arg2 0.877661
------------------ final ---------------------
p=6.75078e+07 q=-2.12887e+11
lb0=4948.21 lbd1=4536.19 lbd2=-9484.4
a=-412.014 b=-14432.6 c=14020.6
   (-0.921754,0.164567)
    (0.122802,0.328929)
(0.00224332,0.00270078)
1-norm 2.03171e-14
norm0 0.936329
norm1 0.351105
norm2 0.00351094
arg0 2.96492
arg1 1.21348
arg2 0.877661
