Argument 0 : ./main
Argument 1 : jopa
str0 : j
str1 : o
str2 : p
H0:   0.675807    0.450864    0.125753
   0.450864     44323.6   0.0838961
   0.125753   0.0838961 1.45065e+06
W: 0.675807  0.450864  0.125753
 0.450864  0.300793 0.0838961
 0.125753 0.0838961    0.0234
v:(1,0)
(0,0)
(0,0)
start=0 end=1 step=0.1
--------------------0-------------------
p=(1.12806e+14,0) q=(-5.35396e+18,-24576)
lb0=(1.05972e+07,-1.09667e-10) lbd1=(47462.5,2.17873e-10) lbd2=(-1.06447e+07,-1.08206e-10)
a=(-1.05498e+07,3.2754e-10) b=(-2.12419e+07,1.46044e-12) c=(1.06921e+07,3.2608e-10)
 (0.251588,-0.374038)
(-0.373488,-0.529093)
 (0.0373952,0.613162)
1-norm -1.33624e-11
norm0 0.450778
norm1 0.647636
norm2 0.614302
arg0 -0.97868
arg1 -2.18547
arg2 1.50988
--------------------0.1-------------------
p=(1.43835e+13,0) q=(-6.64581e+17,0)
lb0=(3.76924e+06,0) lbd1=(46211.3,0) lbd2=(-3.81545e+06,0)
a=(-3.72303e+06,-0) b=(-7.58469e+06,0) c=(3.86166e+06,0)
  (0.273108,0.790068)
  (-0.11287,-0.13128)
(-0.134959,-0.503008)
1-norm -1.33624e-11
norm0 0.83594
norm1 0.173131
norm2 0.520798
arg0 1.23798
arg1 -2.28093
arg2 -1.83293
--------------------0.2-------------------
p=(1.83915e+12,0) q=(-8.4072e+16,-16)
lb0=(1.33269e+06,-4.58578e-12) lbd1=(45764.5,8.72949e-12) lbd2=(-1.37846e+06,-4.14371e-12)
a=(-1.28693e+06,1.33153e-11) b=(-2.71115e+06,4.42065e-13) c=(1.42422e+06,1.28732e-11)
 (-0.0699984,0.541965)
(-0.0437675,-0.212651)
  (-0.238974,0.772742)
1-norm -1.38947e-11
norm0 0.546467
norm1 0.217108
norm2 0.80885
arg0 1.69924
arg1 -1.77378
arg2 1.87072
--------------------0.3-------------------
p=(2.40339e+11,0) q=(-1.08657e+16,-1)
lb0=(465848,-2.43485e-12) lbd1=(45604.7,4.27169e-12) lbd2=(-511452,-1.83685e-12)
a=(-420243,6.70654e-12) b=(-977300,5.98002e-13) c=(557057,6.10854e-12)
  (0.40105,0.287108)
(0.426869,-0.426863)
(0.625723,0.0277449)
1-norm -1.41558e-11
norm0 0.493226
norm1 0.603679
norm2 0.626338
arg0 0.621311
arg1 -0.785391
arg2 0.0443114
--------------------0.4-------------------
p=(3.65687e+10,0) q=(-1.57105e+15,0.03125)
lb0=(164345,7.02898e-13) lbd1=(45545.4,-1.02981e-12) lbd2=(-209890,3.26908e-13)
a=(-118799,-1.7327e-12) b=(-374235,-3.75991e-13) c=(255435,-1.35671e-12)
 (0.909648,-0.166491)
(0.00367589,0.291456)
 (0.0416693,-0.24109)
1-norm -1.41562e-11
norm0 0.924759
norm1 0.291479
norm2 0.244665
arg0 -0.181025
arg1 1.55818
arg2 -1.39965
--------------------0.5-------------------
p=(1.05991e+10,0) q=(-3.88111e+14,-0.00195312)
lb0=(72353.9,-3.82507e-13) lbd1=(45510.5,4.45356e-13) lbd2=(-117864,-6.28482e-14)
a=(-26843.4,8.27863e-13) b=(-190218,3.19659e-13) c=(163375,5.08204e-13)
(-0.571716,0.0147007)
 (-0.23351,-0.649794)
   (0.371252,0.24153)
1-norm -1.42701e-11
norm0 0.571905
norm1 0.690478
norm2 0.442905
arg0 3.11589
arg1 -1.91579
arg2 0.576784
--------------------0.6-------------------
p=(7.28986e+09,0) q=(-2.37442e+14,6.10352e-05)
lb0=(53038.4,5.31042e-14) lbd1=(45453.4,-5.59024e-14) lbd2=(-98491.8,2.79823e-15)
a=(-7584.94,-1.09007e-13) b=(-151530,-5.0306e-14) c=(143945,-5.87007e-14)
(0.420519,0.484549)
(0.365041,0.590186)
(0.303458,-0.12131)
1-norm -1.42519e-11
norm0 0.641579
norm1 0.693955
norm2 0.326807
arg0 0.856027
arg1 1.01687
arg2 -0.380297
--------------------0.7-------------------
p=(6.8683e+09,0) q=(-2.18252e+14,0)
lb0=(50244.4,0) lbd1=(45411,0) lbd2=(-95655.4,0)
a=(-4833.4,-0) b=(-145900,0) c=(141066,0)
 (-0.675594,0.305382)
  (0.164747,0.502831)
(-0.360031,-0.201771)
1-norm -1.42344e-11
norm0 0.741408
norm1 0.529132
norm2 0.412716
arg0 2.71706
arg1 1.25418
arg2 -2.63078
--------------------0.8-------------------
p=(6.81465e+09,0) q=(-2.1581e+14,0)
lb0=(49884.7,0) lbd1=(45401.7,0) lbd2=(-95286.4,0)
a=(-4482.97,-0) b=(-145171,0) c=(140688,0)
(-0.432853,-0.525093)
 (0.536696,-0.286381)
  (0.351985,0.207283)
1-norm -1.42681e-11
norm0 0.680503
norm1 0.608323
norm2 0.408485
arg0 -2.2602
arg1 -0.490166
arg2 0.532217
--------------------0.9-------------------
p=(6.80784e+09,0) q=(-2.155e+14,0)
lb0=(49839.1,0) lbd1=(45400.4,0) lbd2=(-95239.5,0)
a=(-4438.62,-0) b=(-145079,0) c=(140640,0)
(-0.440136,-0.547566)
(-0.585596,0.0118511)
  (0.299918,0.270993)
1-norm -1.43126e-11
norm0 0.70253
norm1 0.585716
norm2 0.404213
arg0 -2.24785
arg1 3.12136
arg2 0.734777
--------------------1-------------------
p=(6.80699e+09,0) q=(-2.15461e+14,0)
lb0=(49833.3,0) lbd1=(45400.3,0) lbd2=(-95233.6,0)
a=(-4433.05,-0) b=(-145067,0) c=(140634,0)
(-0.018569,-0.694354)
  (0.554145,0.213814)
   (0.31014,0.261814)
1-norm -1.42724e-11
norm0 0.694603
norm1 0.593964
norm2 0.405874
arg0 -1.59753
arg1 0.368243
arg2 0.701106
------------------ final ---------------------
p=(6.80699e+09,0) q=(-2.15461e+14,0)
lb0=(49833.3,0) lbd1=(45400.3,0) lbd2=(-95233.6,0)
a=(-4433.05,-0) b=(-145067,0) c=(140634,0)
(-0.018569,-0.694354)
  (0.554145,0.213814)
   (0.31014,0.261814)
1-norm -1.42724e-11
norm0 0.694603
norm1 0.593964
norm2 0.405874
arg0 -1.59753
arg1 0.368243
arg2 0.701106
