H0:   0.675807    0.450864    0.125753
   0.450864     44323.6   0.0838961
   0.125753   0.0838961 1.45065e+06
W: 0.675807  0.450864  0.125753
 0.450864  0.300793 0.0838961
 0.125753 0.0838961    0.0234
v:(1,0)
(0,0)
(0,0)
start=0.1 end=0.2 step=0.01
------------------ final ---------------------
p=(6.75078e+07,0) q=(-2.12887e+11,0)
lb0=(4948.21,0) lbd1=(4536.19,0) lbd2=(-9484.4,0)
a=(-412.014,-0) b=(-14432.6,0) c=(14020.6,0)
   (-0.921754,0.164567)
    (0.122802,0.328929)
(0.00224332,0.00270078)
1-norm 0
norm0 0.936329
norm1 0.351105
norm2 0.00351094
arg0 2.96492
arg1 1.21348
arg2 0.877661
P = 0.629569
time =1.74e-05
