H0:   0.675807    0.450864    0.125753
   0.450864     44323.6   0.0838961
   0.125753   0.0838961 1.45065e+06
W: 0.675807  0.450864  0.125753
 0.450864  0.300793 0.0838961
 0.125753 0.0838961    0.0234
v:(1,0)
(0,0)
(0,0)
start=0.1 end=0.2 step=0.001
------------------ final ---------------------
p=(675330,0) q=(-2.13004e+08,0)
lb0=(494.943,0) lbd1=(453.673,0) lbd2=(-948.616,0)
a=(-41.2693,-0) b=(-1443.56,0) c=(1402.29,0)
   (-0.902791,0.0132754)
     (0.268248,0.335896)
(0.000584779,0.00284304)
1-norm 6.57363e-13
norm0 0.902889
norm1 0.429864
norm2 0.00290256
arg0 3.12689
arg1 0.896907
arg2 1.36794
P = 0.606505
time =5.38e-05
