H0:   0.675807    0.450864    0.125753
   0.450864     44323.6   0.0838961
   0.125753   0.0838961 1.45065e+06
W: 0.675807  0.450864  0.125753
 0.450864  0.300793 0.0838961
 0.125753 0.0838961    0.0234
v:(1,0)
(0,0)
(0,0)
start=0.1 end=0.2 step=0.01
------------------ final ---------------------
p=(7.30339e+07,0) q=(-2.38271e+11,2.38419e-07)
lb0=(5293.85,2.15947e-14) lbd1=(4565.24,-2.26855e-14) lbd2=(-9859.09,1.09081e-15)
a=(-728.612,-4.42802e-14) b=(-15152.9,-2.05039e-14) c=(14424.3,-2.37763e-14)
  (0.449619,-0.550837)
  (0.566725,-0.376249)
(-0.177933,0.00446451)
1-norm 3.55271e-15
norm0 0.711041
norm1 0.68025
norm2 0.177989
arg0 -0.886227
arg1 -0.586085
arg2 3.11651
P = 0.481605
time =1.74e-05
