H0:   0.675807    0.450864    0.125753
   0.450864     44323.6   0.0838961
   0.125753   0.0838961 1.45065e+06
W: 0.675807  0.450864  0.125753
 0.450864  0.300793 0.0838961
 0.125753 0.0838961    0.0234
v:(1,0)
(0,0)
(0,0)
start=0.1 end=0.2 step=0.01
------------------ final ---------------------
p=(6.54183e+19,94.6514) q=(4.33193e+25,0)
lb0=(8.08849e+09,5.85076e-09) lbd1=(-662189,9.58099e-13) lbd2=(-8.08782e+09,-5.85172e-09)
a=(-8.08915e+09,-5.8498e-09) b=(-1.61763e+10,-1.17025e-08) c=(8.08716e+09,5.85267e-09)
(-0.120422,-0.328742)
 (0.501281,-0.411183)
 (-0.505532,0.448899)
1-norm 1.11288e-08
norm0 0.350104
norm1 0.648348
norm2 0.676072
arg0 -1.92193
arg1 -0.686976
arg2 2.41546
P = 0.219971
time =2.27e-05
